android/app/build/intermediates/manifest_merge_blame_file/release/manifest-merger-blame-release-report.txt
1<?xml version="1.0" encoding="utf-8"?>
2<manifest xmlns:android="http://schemas.android.com/apk/res/android"
3    package="com.gsoft.newsapp"
4    android:versionCode="8"
5    android:versionName="3.1" >
6
7    <uses-sdk
8        android:minSdkVersion="21"
8-->src/main/AndroidManifest.xml
9        android:targetSdkVersion="30" />
9-->src/main/AndroidManifest.xml
10
11    <uses-permission android:name="android.permission.INTERNET" />
11-->src/main/AndroidManifest.xml:2:3-64
11-->src/main/AndroidManifest.xml:2:20-62
12    <uses-permission android:name="android.permission.ACCESS_NETWORK_STATE" />
12-->[:react-native-community_netinfo] AndroidManifest.xml:9:5-79
12-->[:react-native-community_netinfo] AndroidManifest.xml:9:22-76
13    <uses-permission android:name="android.permission.ACCESS_WIFI_STATE" />
13-->[:react-native-community_netinfo] AndroidManifest.xml:10:5-76
13-->[:react-native-community_netinfo] AndroidManifest.xml:10:22-73
14    <uses-permission android:name="android.permission.WAKE_LOCK" /> <!-- Required by older versions of Google Play services to create IID tokens -->
14-->[:react-native-firebase_admob] AndroidManifest.xml:12:5-68
14-->[:react-native-firebase_admob] AndroidManifest.xml:12:22-65
15    <uses-permission android:name="com.google.android.c2dm.permission.RECEIVE" /> <!-- Android package visibility setting -->
15-->[com.google.android.gms:play-services-iid:17.0.0] AndroidManifest.xml:23:5-82
15-->[com.google.android.gms:play-services-iid:17.0.0] AndroidManifest.xml:23:22-79
16    <queries>
16-->[com.google.android.gms:play-services-ads-lite:19.8.0] AndroidManifest.xml:27:5-43:15
17
18        <!-- For browser content -->
19        <intent>
19-->[com.google.android.gms:play-services-ads-lite:19.8.0] AndroidManifest.xml:30:9-36:18
20            <action android:name="android.intent.action.VIEW" />
20-->src/main/AndroidManifest.xml:10:9-60
20-->src/main/AndroidManifest.xml:10:17-58
21
22            <category android:name="android.intent.category.BROWSABLE" />
22-->src/main/AndroidManifest.xml:12:9-69
22-->src/main/AndroidManifest.xml:12:19-67
23
24            <data android:scheme="https" />
24-->src/main/AndroidManifest.xml:13:9-41
24-->src/main/AndroidManifest.xml:13:15-39
25        </intent>
26        <!-- End of browser content -->
27        <!-- For CustomTabsService -->
28        <intent>
28-->[com.google.android.gms:play-services-ads-lite:19.8.0] AndroidManifest.xml:30:9-36:18
29            <action android:name="android.support.customtabs.action.CustomTabsService" />
30        </intent>
31        <!-- End of CustomTabsService -->
32    </queries>
33
34    <uses-permission android:name="com.google.android.finsky.permission.BIND_GET_INSTALL_REFERRER_SERVICE" />
34-->[com.google.android.gms:play-services-measurement:18.0.2] AndroidManifest.xml:26:5-110
34-->[com.google.android.gms:play-services-measurement:18.0.2] AndroidManifest.xml:26:22-107
35    <uses-permission android:name="android.permission.RECEIVE_BOOT_COMPLETED" /> <!-- Permission will be merged into the manifest of the hosting app. -->
35-->[androidx.work:work-runtime:2.1.0] AndroidManifest.xml:27:5-81
35-->[androidx.work:work-runtime:2.1.0] AndroidManifest.xml:27:22-78
36    <!-- Is required to launch foreground extraction service for targetSdkVersion 28+. -->
37    <uses-permission android:name="android.permission.FOREGROUND_SERVICE" />
37-->[com.google.android.play:core:1.9.0] AndroidManifest.xml:8:3-74
37-->[com.google.android.play:core:1.9.0] AndroidManifest.xml:8:20-72
38
39    <application
39-->src/main/AndroidManifest.xml:3:3-24:17
40        android:name="com.gsoft.newsapp.MainApplication"
40-->src/main/AndroidManifest.xml:3:16-47
41        android:allowBackup="false"
41-->src/main/AndroidManifest.xml:3:253-280
42        android:appComponentFactory="androidx.core.app.CoreComponentFactory"
42-->[androidx.core:core:1.3.2] AndroidManifest.xml:24:18-86
43        android:icon="@mipmap/ic_launcher"
43-->src/main/AndroidManifest.xml:3:178-212
44        android:label="@string/app_name"
44-->src/main/AndroidManifest.xml:3:145-177
45        android:networkSecurityConfig="@xml/network_security_config"
45-->src/main/AndroidManifest.xml:3:84-144
46        android:roundIcon="@mipmap/ic_launcher"
46-->src/main/AndroidManifest.xml:3:213-252
47        android:supportsRtl="true"
47-->[com.facebook.android:facebook-android-sdk:8.2.0] AndroidManifest.xml:28:18-44
48        android:theme="@style/AppTheme"
48-->src/main/AndroidManifest.xml:3:281-312
49        android:usesCleartextTraffic="true" >
49-->src/main/AndroidManifest.xml:3:48-83
50        <activity
50-->src/main/AndroidManifest.xml:4:5-17:16
51            android:name="com.gsoft.newsapp.MainActivity"
51-->src/main/AndroidManifest.xml:4:15-43
52            android:screenOrientation="portrait"
52-->src/main/AndroidManifest.xml:4:80-116
53            android:usesCleartextTraffic="true" >
53-->src/main/AndroidManifest.xml:4:44-79
54 android:label="@string/app_name" android:configChanges="keyboard|keyboardHidden|orientation|screenSize|uiMode" android:launchMode="singleTask" android:windowSoftInputMode="adjustResize">
55            <intent-filter>
55-->src/main/AndroidManifest.xml:5:7-8:23
56                <action android:name="android.intent.action.MAIN" />
56-->src/main/AndroidManifest.xml:6:9-60
56-->src/main/AndroidManifest.xml:6:17-58
57
58                <category android:name="android.intent.category.LAUNCHER" />
58-->src/main/AndroidManifest.xml:7:9-68
58-->src/main/AndroidManifest.xml:7:19-66
59            </intent-filter>
60            <intent-filter>
60-->src/main/AndroidManifest.xml:9:7-16:23
61                <action android:name="android.intent.action.VIEW" />
61-->src/main/AndroidManifest.xml:10:9-60
61-->src/main/AndroidManifest.xml:10:17-58
62
63                <category android:name="android.intent.category.DEFAULT" />
63-->src/main/AndroidManifest.xml:11:9-67
63-->src/main/AndroidManifest.xml:11:19-65
64                <category android:name="android.intent.category.BROWSABLE" />
64-->src/main/AndroidManifest.xml:12:9-69
64-->src/main/AndroidManifest.xml:12:19-67
65
66                <data android:scheme="newsapp" />
66-->src/main/AndroidManifest.xml:13:9-41
66-->src/main/AndroidManifest.xml:13:15-39
67                <data
67-->src/main/AndroidManifest.xml:13:9-41
68                    android:host="urdushorts.gsoftconsulting.com"
68-->src/main/AndroidManifest.xml:14:38-83
69                    android:scheme="https" />
69-->src/main/AndroidManifest.xml:13:15-39
70            </intent-filter>
71        </activity>
72        <activity android:name="com.facebook.react.devsupport.DevSettingsActivity" />
72-->src/main/AndroidManifest.xml:18:5-81
72-->src/main/AndroidManifest.xml:18:15-79
73        <activity
73-->src/main/AndroidManifest.xml:19:5-178
74            android:name="com.facebook.FacebookActivity"
74-->src/main/AndroidManifest.xml:19:15-59
75            android:configChanges="keyboard|keyboardHidden|screenLayout|screenSize|orientation"
75-->src/main/AndroidManifest.xml:19:60-143
76            android:label="@string/app_name"
76-->src/main/AndroidManifest.xml:19:144-176
77            android:theme="@style/com_facebook_activity_theme" />
77-->[com.facebook.android:facebook-common:8.2.0] AndroidManifest.xml:33:13-63
78        <activity
78-->src/main/AndroidManifest.xml:20:5-123
79            android:name="com.facebook.ads.InterstitialAdActivity"
79-->src/main/AndroidManifest.xml:20:15-69
80            android:configChanges="keyboardHidden|orientation" />
80-->src/main/AndroidManifest.xml:20:70-120
81
82        <meta-data
82-->src/main/AndroidManifest.xml:22:5-103
83            android:name="com.facebook.sdk.ApplicationId"
83-->src/main/AndroidManifest.xml:22:16-61
84            android:value="@string/facebook_app_id" />
84-->src/main/AndroidManifest.xml:22:62-101
85        <meta-data
85-->[:react-native-firebase_admob] AndroidManifest.xml:16:9-18:70
86            android:name="com.google.android.gms.ads.APPLICATION_ID"
86-->[:react-native-firebase_admob] AndroidManifest.xml:17:13-69
87            android:value="ca-app-pub-7665472428962479~4803387859" />
87-->[:react-native-firebase_admob] AndroidManifest.xml:18:13-67
88        <meta-data
88-->[:react-native-firebase_admob] AndroidManifest.xml:19:9-21:37
89            android:name="com.google.android.gms.ads.DELAY_APP_MEASUREMENT_INIT"
89-->[:react-native-firebase_admob] AndroidManifest.xml:20:13-81
90            android:value="false" />
90-->[:react-native-firebase_admob] AndroidManifest.xml:21:13-34
91        <meta-data
91-->[:react-native-firebase_analytics] AndroidManifest.xml:16:9-18:36
92            android:name="firebase_analytics_collection_enabled"
92-->[:react-native-firebase_analytics] AndroidManifest.xml:17:13-65
93            android:value="true" /> <!-- Disable crashlytics by default so we can custom init with CrashlyticsNdk support -->
93-->[:react-native-firebase_analytics] AndroidManifest.xml:18:13-33
94        <meta-data
94-->[:react-native-firebase_crashlytics] AndroidManifest.xml:14:9-16:37
95            android:name="firebase_crashlytics_collection_enabled"
95-->[:react-native-firebase_crashlytics] AndroidManifest.xml:15:13-67
96            android:value="false" />
96-->[:react-native-firebase_crashlytics] AndroidManifest.xml:16:13-34
97
98        <provider
98-->[:react-native-firebase_crashlytics] AndroidManifest.xml:18:9-22:38
99            android:name="io.invertase.firebase.crashlytics.ReactNativeFirebaseCrashlyticsInitProvider"
99-->[:react-native-firebase_crashlytics] AndroidManifest.xml:19:13-104
100            android:authorities="com.gsoft.newsapp.reactnativefirebasecrashlyticsinitprovider"
100-->[:react-native-firebase_crashlytics] AndroidManifest.xml:20:13-94
101            android:exported="false"
101-->[:react-native-firebase_crashlytics] AndroidManifest.xml:21:13-37
102            android:initOrder="98" />
102-->[:react-native-firebase_crashlytics] AndroidManifest.xml:22:13-35
103
104        <service android:name="io.invertase.firebase.messaging.ReactNativeFirebaseMessagingHeadlessService" />
104-->[:react-native-firebase_messaging] AndroidManifest.xml:16:9-111
104-->[:react-native-firebase_messaging] AndroidManifest.xml:16:18-108
105        <service
105-->[:react-native-firebase_messaging] AndroidManifest.xml:17:9-23:19
106            android:name="io.invertase.firebase.messaging.ReactNativeFirebaseMessagingService"
106-->[:react-native-firebase_messaging] AndroidManifest.xml:18:13-95
107            android:exported="false" >
107-->[:react-native-firebase_messaging] AndroidManifest.xml:19:13-37
108            <intent-filter>
108-->[:react-native-firebase_messaging] AndroidManifest.xml:20:13-22:29
109                <action android:name="com.google.firebase.MESSAGING_EVENT" />
109-->[:react-native-firebase_messaging] AndroidManifest.xml:21:17-78
109-->[:react-native-firebase_messaging] AndroidManifest.xml:21:25-75
110            </intent-filter>
111        </service>
112
113        <receiver
113-->[:react-native-firebase_messaging] AndroidManifest.xml:25:9-32:20
114            android:name="io.invertase.firebase.messaging.ReactNativeFirebaseMessagingReceiver"
114-->[:react-native-firebase_messaging] AndroidManifest.xml:26:13-96
115            android:exported="true"
115-->[:react-native-firebase_messaging] AndroidManifest.xml:27:13-36
116            android:permission="com.google.android.c2dm.permission.SEND" >
116-->[:react-native-firebase_messaging] AndroidManifest.xml:28:13-73
117            <intent-filter>
117-->[:react-native-firebase_messaging] AndroidManifest.xml:29:13-31:29
118                <action android:name="com.google.android.c2dm.intent.RECEIVE" />
118-->[:react-native-firebase_messaging] AndroidManifest.xml:30:17-81
118-->[:react-native-firebase_messaging] AndroidManifest.xml:30:25-78
119            </intent-filter>
120        </receiver>
121
122        <meta-data
122-->[:react-native-firebase_messaging] AndroidManifest.xml:34:9-36:36
123            android:name="firebase_messaging_auto_init_enabled"
123-->[:react-native-firebase_messaging] AndroidManifest.xml:35:13-64
124            android:value="true" />
124-->[:react-native-firebase_messaging] AndroidManifest.xml:36:13-33
125        <meta-data
125-->[:react-native-firebase_messaging] AndroidManifest.xml:37:9-39:32
126            android:name="com.google.firebase.messaging.default_notification_channel_id"
126-->[:react-native-firebase_messaging] AndroidManifest.xml:38:13-89
127            android:value="" />
127-->[:react-native-firebase_messaging] AndroidManifest.xml:39:13-29
128        <meta-data
128-->[:react-native-firebase_messaging] AndroidManifest.xml:40:9-42:47
129            android:name="com.google.firebase.messaging.default_notification_color"
129-->[:react-native-firebase_messaging] AndroidManifest.xml:41:13-84
130            android:resource="@color/white" />
130-->[:react-native-firebase_messaging] AndroidManifest.xml:42:13-44
131        <meta-data
131-->[:react-native-firebase_perf] AndroidManifest.xml:12:9-14:36
132            android:name="firebase_performance_collection_enabled"
132-->[:react-native-firebase_perf] AndroidManifest.xml:13:13-67
133            android:value="true" />
133-->[:react-native-firebase_perf] AndroidManifest.xml:14:13-33
134
135        <provider
135-->[:react-native-share] AndroidManifest.xml:10:9-18:20
136            android:name="cl.json.RNShareFileProvider"
136-->[:react-native-share] AndroidManifest.xml:11:13-55
137            android:authorities="com.gsoft.newsapp.rnshare.fileprovider"
137-->[:react-native-share] AndroidManifest.xml:12:13-72
138            android:exported="false"
138-->[:react-native-share] AndroidManifest.xml:13:13-37
139            android:grantUriPermissions="true" >
139-->[:react-native-share] AndroidManifest.xml:14:13-47
140            <meta-data
140-->[:react-native-share] AndroidManifest.xml:15:13-17:64
141                android:name="android.support.FILE_PROVIDER_PATHS"
141-->[:react-native-share] AndroidManifest.xml:16:17-67
142                android:resource="@xml/share_download_paths" />
142-->[:react-native-share] AndroidManifest.xml:17:17-61
143        </provider>
144        <provider
144-->[:react-native-webview] AndroidManifest.xml:12:9-20:20
145            android:name="com.reactnativecommunity.webview.RNCWebViewFileProvider"
145-->[:react-native-webview] AndroidManifest.xml:13:13-83
146            android:authorities="com.gsoft.newsapp.fileprovider"
146-->[:react-native-webview] AndroidManifest.xml:14:13-64
147            android:exported="false"
147-->[:react-native-webview] AndroidManifest.xml:15:13-37
148            android:grantUriPermissions="true" >
148-->[:react-native-webview] AndroidManifest.xml:16:13-47
149            <meta-data
149-->[:react-native-share] AndroidManifest.xml:15:13-17:64
150                android:name="android.support.FILE_PROVIDER_PATHS"
150-->[:react-native-share] AndroidManifest.xml:16:17-67
151                android:resource="@xml/file_provider_paths" />
151-->[:react-native-share] AndroidManifest.xml:17:17-61
152        </provider>
153
154        <activity android:name="com.facebook.CustomTabMainActivity" />
154-->[com.facebook.android:facebook-common:8.2.0] AndroidManifest.xml:34:9-71
154-->[com.facebook.android:facebook-common:8.2.0] AndroidManifest.xml:34:19-68
155        <activity
155-->[com.facebook.android:facebook-common:8.2.0] AndroidManifest.xml:35:9-49:20
156            android:name="com.facebook.CustomTabActivity"
156-->[com.facebook.android:facebook-common:8.2.0] AndroidManifest.xml:36:13-58
157            android:exported="true" >
157-->[com.facebook.android:facebook-common:8.2.0] AndroidManifest.xml:37:13-36
158            <intent-filter>
158-->[com.facebook.android:facebook-common:8.2.0] AndroidManifest.xml:39:13-48:29
159                <action android:name="android.intent.action.VIEW" />
159-->src/main/AndroidManifest.xml:10:9-60
159-->src/main/AndroidManifest.xml:10:17-58
160
161                <category android:name="android.intent.category.DEFAULT" />
161-->src/main/AndroidManifest.xml:11:9-67
161-->src/main/AndroidManifest.xml:11:19-65
162                <category android:name="android.intent.category.BROWSABLE" />
162-->src/main/AndroidManifest.xml:12:9-69
162-->src/main/AndroidManifest.xml:12:19-67
163
164                <data
164-->src/main/AndroidManifest.xml:13:9-41
165                    android:host="cct.com.gsoft.newsapp"
165-->src/main/AndroidManifest.xml:14:38-83
166                    android:scheme="fbconnect" />
166-->src/main/AndroidManifest.xml:13:15-39
167            </intent-filter>
168        </activity>
169        <!--
170             FirebaseMessagingService performs security checks at runtime,
171             but set to not exported to explicitly avoid allowing another app to call it.
172        -->
173        <service
173-->[com.google.firebase:firebase-messaging:21.0.1] AndroidManifest.xml:28:9-35:19
174            android:name="com.google.firebase.messaging.FirebaseMessagingService"
174-->[com.google.firebase:firebase-messaging:21.0.1] AndroidManifest.xml:29:13-82
175            android:directBootAware="true"
175-->[com.google.firebase:firebase-messaging:21.0.1] AndroidManifest.xml:30:13-43
176            android:exported="false" >
176-->[com.google.firebase:firebase-messaging:21.0.1] AndroidManifest.xml:31:13-37
177            <intent-filter android:priority="-500" >
177-->[:react-native-firebase_messaging] AndroidManifest.xml:20:13-22:29
178                <action android:name="com.google.firebase.MESSAGING_EVENT" />
178-->[:react-native-firebase_messaging] AndroidManifest.xml:21:17-78
178-->[:react-native-firebase_messaging] AndroidManifest.xml:21:25-75
179            </intent-filter>
180        </service>
181        <service
181-->[com.google.firebase:firebase-messaging:21.0.1] AndroidManifest.xml:36:9-42:19
182            android:name="com.google.firebase.components.ComponentDiscoveryService"
182-->[com.google.firebase:firebase-messaging:21.0.1] AndroidManifest.xml:37:13-84
183            android:directBootAware="true"
183-->[com.google.firebase:firebase-common:19.5.0] AndroidManifest.xml:35:13-43
184            android:exported="false" >
184-->[com.google.firebase:firebase-messaging:21.0.1] AndroidManifest.xml:38:13-37
185            <meta-data
185-->[com.google.firebase:firebase-messaging:21.0.1] AndroidManifest.xml:39:13-41:85
186                android:name="com.google.firebase.components:com.google.firebase.messaging.FirebaseMessagingRegistrar"
186-->[com.google.firebase:firebase-messaging:21.0.1] AndroidManifest.xml:40:17-119
187                android:value="com.google.firebase.components.ComponentRegistrar" />
187-->[com.google.firebase:firebase-messaging:21.0.1] AndroidManifest.xml:41:17-82
188            <meta-data
188-->[com.google.firebase:firebase-crashlytics-ndk:17.3.1] AndroidManifest.xml:35:13-37:85
189                android:name="com.google.firebase.components:com.google.firebase.crashlytics.ndk.CrashlyticsNdkRegistrar"
189-->[com.google.firebase:firebase-crashlytics-ndk:17.3.1] AndroidManifest.xml:36:17-122
190                android:value="com.google.firebase.components.ComponentRegistrar" />
190-->[com.google.firebase:firebase-crashlytics-ndk:17.3.1] AndroidManifest.xml:37:17-82
191            <meta-data
191-->[com.google.firebase:firebase-crashlytics:17.3.1] AndroidManifest.xml:18:13-20:85
192                android:name="com.google.firebase.components:com.google.firebase.crashlytics.CrashlyticsRegistrar"
192-->[com.google.firebase:firebase-crashlytics:17.3.1] AndroidManifest.xml:19:17-115
193                android:value="com.google.firebase.components.ComponentRegistrar" />
193-->[com.google.firebase:firebase-crashlytics:17.3.1] AndroidManifest.xml:20:17-82
194            <meta-data
194-->[com.google.firebase:firebase-perf:19.1.1] AndroidManifest.xml:23:13-25:85
195                android:name="com.google.firebase.components:com.google.firebase.perf.FirebasePerfRegistrar"
195-->[com.google.firebase:firebase-perf:19.1.1] AndroidManifest.xml:24:17-109
196                android:value="com.google.firebase.components.ComponentRegistrar" />
196-->[com.google.firebase:firebase-perf:19.1.1] AndroidManifest.xml:25:17-82
197            <meta-data
197-->[com.google.firebase:firebase-datatransport:17.0.11] AndroidManifest.xml:28:13-30:85
198                android:name="com.google.firebase.components:com.google.firebase.datatransport.TransportRegistrar"
198-->[com.google.firebase:firebase-datatransport:17.0.11] AndroidManifest.xml:29:17-115
199                android:value="com.google.firebase.components.ComponentRegistrar" />
199-->[com.google.firebase:firebase-datatransport:17.0.11] AndroidManifest.xml:30:17-82
200            <meta-data
200-->[com.google.firebase:firebase-iid:21.0.1] AndroidManifest.xml:32:13-34:85
201                android:name="com.google.firebase.components:com.google.firebase.iid.Registrar"
201-->[com.google.firebase:firebase-iid:21.0.1] AndroidManifest.xml:33:17-96
202                android:value="com.google.firebase.components.ComponentRegistrar" />
202-->[com.google.firebase:firebase-iid:21.0.1] AndroidManifest.xml:34:17-82
203            <meta-data
203-->[com.google.android.gms:play-services-measurement-api:18.0.2] AndroidManifest.xml:30:13-32:85
204                android:name="com.google.firebase.components:com.google.firebase.analytics.connector.internal.AnalyticsConnectorRegistrar"
204-->[com.google.android.gms:play-services-measurement-api:18.0.2] AndroidManifest.xml:31:17-139
205                android:value="com.google.firebase.components.ComponentRegistrar" />
205-->[com.google.android.gms:play-services-measurement-api:18.0.2] AndroidManifest.xml:32:17-82
206            <meta-data
206-->[com.google.firebase:firebase-config:20.0.3] AndroidManifest.xml:32:13-34:85
207                android:name="com.google.firebase.components:com.google.firebase.remoteconfig.RemoteConfigRegistrar"
207-->[com.google.firebase:firebase-config:20.0.3] AndroidManifest.xml:33:17-117
208                android:value="com.google.firebase.components.ComponentRegistrar" />
208-->[com.google.firebase:firebase-config:20.0.3] AndroidManifest.xml:34:17-82
209            <meta-data
209-->[com.google.firebase:firebase-installations:16.3.5] AndroidManifest.xml:18:13-20:85
210                android:name="com.google.firebase.components:com.google.firebase.installations.FirebaseInstallationsRegistrar"
210-->[com.google.firebase:firebase-installations:16.3.5] AndroidManifest.xml:19:17-127
211                android:value="com.google.firebase.components.ComponentRegistrar" />
211-->[com.google.firebase:firebase-installations:16.3.5] AndroidManifest.xml:20:17-82
212            <meta-data
212-->[com.google.firebase:firebase-abt:20.0.0] AndroidManifest.xml:13:13-15:85
213                android:name="com.google.firebase.components:com.google.firebase.abt.component.AbtRegistrar"
213-->[com.google.firebase:firebase-abt:20.0.0] AndroidManifest.xml:14:17-109
214                android:value="com.google.firebase.components.ComponentRegistrar" />
214-->[com.google.firebase:firebase-abt:20.0.0] AndroidManifest.xml:15:17-82
215            <!--
216                This registrar is not defined in the dynamic-module-support sdk itself to allow non-firebase
217                clients to use it as well, by defining this registrar in their own core/common library.
218            -->
219            <meta-data
219-->[com.google.firebase:firebase-common:19.5.0] AndroidManifest.xml:43:13-45:85
220                android:name="com.google.firebase.components:com.google.firebase.dynamicloading.DynamicLoadingRegistrar"
220-->[com.google.firebase:firebase-common:19.5.0] AndroidManifest.xml:44:17-121
221                android:value="com.google.firebase.components.ComponentRegistrar" />
221-->[com.google.firebase:firebase-common:19.5.0] AndroidManifest.xml:45:17-82
222        </service>
223
224        <provider
224-->[com.google.firebase:firebase-perf:19.1.1] AndroidManifest.xml:14:9-18:39
225            android:name="com.google.firebase.perf.provider.FirebasePerfProvider"
225-->[com.google.firebase:firebase-perf:19.1.1] AndroidManifest.xml:15:13-82
226            android:authorities="com.gsoft.newsapp.firebaseperfprovider"
226-->[com.google.firebase:firebase-perf:19.1.1] AndroidManifest.xml:16:13-72
227            android:exported="false"
227-->[com.google.firebase:firebase-perf:19.1.1] AndroidManifest.xml:17:13-37
228            android:initOrder="101" />
228-->[com.google.firebase:firebase-perf:19.1.1] AndroidManifest.xml:18:13-36
229
230        <service
230-->[com.google.android.datatransport:transport-backend-cct:2.3.3] AndroidManifest.xml:29:9-35:19
231            android:name="com.google.android.datatransport.runtime.backends.TransportBackendDiscovery"
231-->[com.google.android.datatransport:transport-backend-cct:2.3.3] AndroidManifest.xml:30:13-103
232            android:exported="false" >
232-->[com.google.android.datatransport:transport-backend-cct:2.3.3] AndroidManifest.xml:31:13-37
233            <meta-data
233-->[com.google.android.datatransport:transport-backend-cct:2.3.3] AndroidManifest.xml:32:13-34:39
234                android:name="backend:com.google.android.datatransport.cct.CctBackendFactory"
234-->[com.google.android.datatransport:transport-backend-cct:2.3.3] AndroidManifest.xml:33:17-94
235                android:value="cct" />
235-->[com.google.android.datatransport:transport-backend-cct:2.3.3] AndroidManifest.xml:34:17-36
236        </service>
237        <service
237-->[com.google.android.datatransport:transport-runtime:2.2.6] AndroidManifest.xml:26:9-30:19
238            android:name="com.google.android.datatransport.runtime.scheduling.jobscheduling.JobInfoSchedulerService"
238-->[com.google.android.datatransport:transport-runtime:2.2.6] AndroidManifest.xml:27:13-117
239            android:exported="false"
239-->[com.google.android.datatransport:transport-runtime:2.2.6] AndroidManifest.xml:28:13-37
240            android:permission="android.permission.BIND_JOB_SERVICE" >
240-->[com.google.android.datatransport:transport-runtime:2.2.6] AndroidManifest.xml:29:13-69
241        </service>
242
243        <receiver
243-->[com.google.android.datatransport:transport-runtime:2.2.6] AndroidManifest.xml:32:9-34:40
244            android:name="com.google.android.datatransport.runtime.scheduling.jobscheduling.AlarmManagerSchedulerBroadcastReceiver"
244-->[com.google.android.datatransport:transport-runtime:2.2.6] AndroidManifest.xml:33:13-132
245            android:exported="false" />
245-->[com.google.android.datatransport:transport-runtime:2.2.6] AndroidManifest.xml:34:13-37
246
247        <meta-data
247-->[com.github.bumptech.glide:okhttp3-integration:4.11.0] AndroidManifest.xml:11:9-13:43
248            android:name="com.bumptech.glide.integration.okhttp3.OkHttpGlideModule"
248-->[com.github.bumptech.glide:okhttp3-integration:4.11.0] AndroidManifest.xml:12:13-84
249            android:value="GlideModule" />
249-->[com.github.bumptech.glide:okhttp3-integration:4.11.0] AndroidManifest.xml:13:13-40
250
251        <activity
251-->[com.google.android.gms:play-services-auth:19.0.0] AndroidManifest.xml:23:9-27:75
252            android:name="com.google.android.gms.auth.api.signin.internal.SignInHubActivity"
252-->[com.google.android.gms:play-services-auth:19.0.0] AndroidManifest.xml:24:13-93
253            android:excludeFromRecents="true"
253-->[com.google.android.gms:play-services-auth:19.0.0] AndroidManifest.xml:25:13-46
254            android:exported="false"
254-->[com.google.android.gms:play-services-auth:19.0.0] AndroidManifest.xml:26:13-37
255            android:theme="@android:style/Theme.Translucent.NoTitleBar" />
255-->[com.google.android.gms:play-services-auth:19.0.0] AndroidManifest.xml:27:13-72
256        <!--
257            Service handling Google Sign-In user revocation. For apps that do not integrate with
258            Google Sign-In, this service will never be started.
259        -->
260        <service
260-->[com.google.android.gms:play-services-auth:19.0.0] AndroidManifest.xml:33:9-37:51
261            android:name="com.google.android.gms.auth.api.signin.RevocationBoundService"
261-->[com.google.android.gms:play-services-auth:19.0.0] AndroidManifest.xml:34:13-89
262            android:exported="true"
262-->[com.google.android.gms:play-services-auth:19.0.0] AndroidManifest.xml:35:13-36
263            android:permission="com.google.android.gms.auth.api.signin.permission.REVOCATION_NOTIFICATION"
263-->[com.google.android.gms:play-services-auth:19.0.0] AndroidManifest.xml:36:13-107
264            android:visibleToInstantApps="true" />
264-->[com.google.android.gms:play-services-auth:19.0.0] AndroidManifest.xml:37:13-48
265
266        <receiver
266-->[com.google.firebase:firebase-iid:21.0.1] AndroidManifest.xml:37:9-44:20
267            android:name="com.google.firebase.iid.FirebaseInstanceIdReceiver"
267-->[com.google.firebase:firebase-iid:21.0.1] AndroidManifest.xml:38:13-78
268            android:exported="true"
268-->[com.google.firebase:firebase-iid:21.0.1] AndroidManifest.xml:39:13-36
269            android:permission="com.google.android.c2dm.permission.SEND" >
269-->[com.google.firebase:firebase-iid:21.0.1] AndroidManifest.xml:40:13-73
270            <intent-filter>
270-->[:react-native-firebase_messaging] AndroidManifest.xml:29:13-31:29
271                <action android:name="com.google.android.c2dm.intent.RECEIVE" />
271-->[:react-native-firebase_messaging] AndroidManifest.xml:30:17-81
271-->[:react-native-firebase_messaging] AndroidManifest.xml:30:25-78
272            </intent-filter>
273        </receiver>
274
275        <activity
275-->[com.google.android.gms:play-services-base:17.5.0] AndroidManifest.xml:23:9-26:75
276            android:name="com.google.android.gms.common.api.GoogleApiActivity"